TN:
SF:src/data/sampleResume.ts
FNF:0
FNH:0
DA:3,0
LF:1
LH:0
BRF:0
BRH:0
end_of_record
TN:
SF:src/lib/utils.ts
FN:4,cn
FNF:1
FNH:0
FNDA:0,cn
DA:1,0
DA:2,0
DA:4,0
DA:5,0
LF:4
LH:0
BRF:0
BRH:0
end_of_record
TN:
SF:src/types/resume.ts
FN:62,(anonymous_0)
FN:75,(anonymous_1)
FN:89,(anonymous_2)
FN:104,(anonymous_3)
FN:114,(anonymous_4)
FNF:5
FNH:5
FNDA:32,(anonymous_0)
FNDA:10,(anonymous_1)
FNDA:7,(anonymous_2)
FNDA:5,(anonymous_3)
FNDA:5,(anonymous_4)
DA:62,1
DA:64,32
DA:68,32
DA:69,6
DA:73,26
DA:76,10
DA:82,26
DA:83,7
DA:87,19
DA:90,7
DA:97,19
DA:98,5
DA:102,14
DA:104,5
DA:107,14
DA:108,3
DA:112,11
DA:114,5
DA:117,11
DA:118,3
DA:121,8
LF:21
LH:21
BRDA:64,0,0,32
BRDA:64,0,1,28
BRDA:64,0,2,27
BRDA:68,1,0,6
BRDA:73,2,0,26
BRDA:73,2,1,11
BRDA:76,3,0,10
BRDA:76,3,1,8
BRDA:76,3,2,7
BRDA:76,3,3,6
BRDA:82,4,0,7
BRDA:87,5,0,19
BRDA:87,5,1,7
BRDA:90,6,0,7
BRDA:90,6,1,6
BRDA:90,6,2,5
BRDA:90,6,3,4
BRDA:90,6,4,3
BRDA:97,7,0,5
BRDA:102,8,0,14
BRDA:102,8,1,5
BRDA:104,9,0,5
BRDA:104,9,1,4
BRDA:104,9,2,3
BRDA:107,10,0,3
BRDA:112,11,0,11
BRDA:112,11,1,5
BRDA:114,12,0,5
BRDA:114,12,1,4
BRDA:114,12,2,3
BRDA:117,13,0,3
BRF:31
BRH:31
end_of_record
